<?xml version="1.0" encoding="UTF-8"?>
<!-- Generated by org.testng.reporters.JUnitXMLReporter -->
<testsuite ignored="0" hostname="Ninad-Legion" failures="0" tests="9" name="Test" time="24.347" errors="0" timestamp="2023-10-16T17:58:12 IST">
  <testcase classname="demo.tests.AddToCartTest" name="invalidLoginTest" time="2.447"/>
  <testcase classname="demo.tests.RemoveFromCartFlow" name="loginTest" time="3.115"/>
  <testcase classname="demo.tests.AddToCartTest" name="loginTest" time="2.57"/>
  <testcase classname="demo.tests.AddToCartDataProviderTest" name="invalidLoginTest" time="2.922"/>
  <testcase classname="demo.tests.AddToCartDataProviderTest" name="loginTest" time="2.427"/>
  <testcase classname="demo.tests.RemoveFromCartFlow" name="addProductToCartTest" time="7.917"/>
  <testcase classname="demo.tests.RemoveFromCartFlow" name="removeProductFromCartTest" time="0.157"/>
  <testcase classname="demo.tests.AddToCartDataProviderTest" name="addProductToCartTest" time="8.632"/>
  <testcase classname="demo.tests.AddToCartTest" name="addProductToCartTest" time="8.66"/>
</testsuite> <!-- Test -->
