<?xml version="1.0" encoding="UTF-8"?>
<!-- Generated by org.testng.reporters.JUnitXMLReporter -->
<testsuite ignored="0" hostname="Ninad-Legion" failures="0" tests="3" name="DemoTest" time="20.275" errors="0" timestamp="2023-10-22T13:13:45 IST">
  <testcase classname="demo.tests.AddToCartTest" name="invalidLoginTest" time="2.888"/>
  <testcase classname="demo.tests.AddToCartTest" name="loginTest" time="2.977"/>
  <testcase classname="demo.tests.AddToCartTest" name="addProductToCartTest" time="9.518"/>
</testsuite> <!-- DemoTest -->
