<?xml version="1.0" encoding="UTF-8"?>
<testng-results ignored="0" total="9" passed="8" failed="1" skipped="0">
  <reporter-output>
  </reporter-output>
  <suite started-at="2023-10-22T13:21:52 IST" name="Suite" finished-at="2023-10-22T13:22:23 IST" duration-ms="30220">
    <groups>
      <group name="datap">
        <method signature="AddToCartDataProviderTest.invalidLoginTest(java.util.HashMap)[pri:1, instance:demo.tests.AddToCartDataProviderTest@21fd5faa]" name="invalidLoginTest" class="demo.tests.AddToCartDataProviderTest"/>
      </group> <!-- datap -->
    </groups>
    <test started-at="2023-10-22T13:21:52 IST" name="Test" finished-at="2023-10-22T13:22:23 IST" duration-ms="30220">
      <class name="demo.tests.AddToCartDataProviderTest">
        <test-method is-config="true" signature="launchApplication()[pri:0, instance:demo.tests.AddToCartDataProviderTest@21fd5faa]" started-at="2023-10-22T13:22:03 IST" name="launchApplication" finished-at="2023-10-22T13:22:07 IST" duration-ms="3863" status="PASS">
          <reporter-output>
          </reporter-output>
        </test-method> <!-- launchApplication -->
        <test-method signature="invalidLoginTest(java.util.HashMap)[pri:1, instance:demo.tests.AddToCartDataProviderTest@21fd5faa]" started-at="2023-10-22T13:22:07 IST" name="invalidLoginTest" data-provider="getHashMapDataForTest" finished-at="2023-10-22T13:22:09 IST" duration-ms="2841" status="PASS">
          <params>
            <param index="0">
              <value>
                <![CDATA[{password=Tester@123, email=testninad@testmail.com}]]>
              </value>
            </param>
          </params>
          <reporter-output>
          </reporter-output>
        </test-method> <!-- invalidLoginTest -->
        <test-method signature="loginTest(java.lang.String,java.lang.String)[pri:2, instance:demo.tests.AddToCartDataProviderTest@21fd5faa]" started-at="2023-10-22T13:22:09 IST" name="loginTest" data-provider="getDataForTest" finished-at="2023-10-22T13:22:12 IST" duration-ms="2767" status="PASS">
          <params>
            <param index="0">
              <value>
                <![CDATA[ninad@testmail.com]]>
              </value>
            </param>
            <param index="1">
              <value>
                <![CDATA[Tester@123]]>
              </value>
            </param>
          </params>
          <reporter-output>
          </reporter-output>
        </test-method> <!-- loginTest -->
        <test-method signature="addProductToCartTest(java.util.HashMap)[pri:0, instance:demo.tests.AddToCartDataProviderTest@21fd5faa]" started-at="2023-10-22T13:22:13 IST" name="addProductToCartTest" data-provider="getTestDataFromJson" finished-at="2023-10-22T13:22:22 IST" depends-on-methods="demo.tests.AddToCartDataProviderTest.loginTest" duration-ms="9887" status="PASS">
          <params>
            <param index="0">
              <value>
                <![CDATA[{product=ZARA COAT 3}]]>
              </value>
            </param>
          </params>
          <reporter-output>
          </reporter-output>
        </test-method> <!-- addProductToCartTest -->
        <test-method is-config="true" signature="closeDriver()[pri:0, instance:demo.tests.AddToCartDataProviderTest@21fd5faa]" started-at="2023-10-22T13:22:22 IST" name="closeDriver" finished-at="2023-10-22T13:22:23 IST" duration-ms="163" status="PASS">
          <reporter-output>
          </reporter-output>
        </test-method> <!-- closeDriver -->
      </class> <!-- demo.tests.AddToCartDataProviderTest -->
      <class name="demo.tests.AddToCartTest">
        <test-method is-config="true" signature="launchApplication()[pri:0, instance:demo.tests.AddToCartTest@6dab9b6d]" started-at="2023-10-22T13:21:53 IST" name="launchApplication" finished-at="2023-10-22T13:21:57 IST" duration-ms="4139" status="PASS">
          <reporter-output>
          </reporter-output>
        </test-method> <!-- launchApplication -->
        <test-method signature="invalidLoginTest()[pri:1, instance:demo.tests.AddToCartTest@6dab9b6d]" started-at="2023-10-22T13:21:57 IST" name="invalidLoginTest" finished-at="2023-10-22T13:21:59 IST" duration-ms="2787" status="PASS">
          <reporter-output>
          </reporter-output>
        </test-method> <!-- invalidLoginTest -->
        <test-method signature="loginTest()[pri:2, instance:demo.tests.AddToCartTest@6dab9b6d]" started-at="2023-10-22T13:21:59 IST" name="loginTest" finished-at="2023-10-22T13:22:03 IST" duration-ms="3285" status="PASS">
          <reporter-output>
          </reporter-output>
        </test-method> <!-- loginTest -->
        <test-method signature="addProductToCartTest()[pri:3, instance:demo.tests.AddToCartTest@6dab9b6d]" started-at="2023-10-22T13:22:13 IST" name="addProductToCartTest" finished-at="2023-10-22T13:22:23 IST" depends-on-methods="demo.tests.AddToCartTest.loginTest" duration-ms="9846" status="PASS">
          <reporter-output>
          </reporter-output>
        </test-method> <!-- addProductToCartTest -->
        <test-method is-config="true" signature="closeDriver()[pri:0, instance:demo.tests.AddToCartTest@6dab9b6d]" started-at="2023-10-22T13:22:23 IST" name="closeDriver" finished-at="2023-10-22T13:22:23 IST" duration-ms="140" status="PASS">
          <reporter-output>
          </reporter-output>
        </test-method> <!-- closeDriver -->
      </class> <!-- demo.tests.AddToCartTest -->
      <class name="demo.tests.RemoveFromCartFlow">
        <test-method is-config="true" signature="launchApplication()[pri:0, instance:demo.tests.RemoveFromCartFlow@1a20270e]" started-at="2023-10-22T13:21:53 IST" name="launchApplication" finished-at="2023-10-22T13:21:56 IST" duration-ms="3343" status="PASS">
          <reporter-output>
          </reporter-output>
        </test-method> <!-- launchApplication -->
        <test-method signature="loginTest()[pri:0, instance:demo.tests.RemoveFromCartFlow@1a20270e]" started-at="2023-10-22T13:21:56 IST" name="loginTest" finished-at="2023-10-22T13:21:59 IST" duration-ms="3064" status="PASS">
          <reporter-output>
          </reporter-output>
        </test-method> <!-- loginTest -->
        <test-method signature="addProductToCartTest()[pri:0, instance:demo.tests.RemoveFromCartFlow@1a20270e]" started-at="2023-10-22T13:21:59 IST" name="addProductToCartTest" finished-at="2023-10-22T13:22:07 IST" depends-on-methods="demo.tests.RemoveFromCartFlow.loginTest" duration-ms="8258" status="PASS">
          <reporter-output>
          </reporter-output>
        </test-method> <!-- addProductToCartTest -->
        <test-method signature="removeProductFromCartTest()[pri:0, instance:demo.tests.RemoveFromCartFlow@1a20270e]" started-at="2023-10-22T13:22:07 IST" name="removeProductFromCartTest" finished-at="2023-10-22T13:22:12 IST" depends-on-methods="demo.tests.RemoveFromCartFlow.addProductToCartTest" duration-ms="5030" status="FAIL">
          <exception class="org.openqa.selenium.NoSuchElementException">
            <message>
              <![CDATA[no such element: Unable to locate element: {"method":"css selector","selector":".btn-danger"}
  (Session info: chrome=118.0.5993.71)
For documentation on this error, please visit: https://www.selenium.dev/documentation/webdriver/troubleshooting/errors#no-such-element-exception
Build info: version: '4.12.1', revision: '8e34639b11'
System info: os.name: 'Windows 11', os.arch: 'amd64', os.version: '10.0', java.version: '11.0.18'
Driver info: org.openqa.selenium.remote.RemoteWebDriver
Command: [256d4c2c1b15229437e63b0004d685fc, findElement {using=css selector, value=.btn-danger}]
Capabilities {acceptInsecureCerts: false, browserName: chrome, browserVersion: 118.0.5993.71, chrome: {chromedriverVersion: 118.0.5993.70 (e52f33f30b91..., userDataDir: C:\Users\ninad\AppData\Loca...}, fedcm:accounts: true, goog:chromeOptions: {debuggerAddress: localhost:56570}, networkConnectionEnabled: false, pageLoadStrategy: normal, platformName: Windows 11, proxy: Proxy(), se:bidiEnabled: false, se:cdp: ws://192.168.1.19:4444/sess..., se:cdpVersion: 118.0.5993.71, setWindowRect: true, strictFileInteractability: false, timeouts: {implicit: 0, pageLoad: 300000, script: 30000}, unhandledPromptBehavior: dismiss and notify, webauthn:extension:credBlob: true, webauthn:extension:largeBlob: true, webauthn:extension:minPinLength: true, webauthn:extension:prf: true, webauthn:virtualAuthenticators: true}
Session ID: 256d4c2c1b15229437e63b0004d685fc]]>
            </message>
            <full-stacktrace>
              <![CDATA[org.openqa.selenium.NoSuchElementException: no such element: Unable to locate element: {"method":"css selector","selector":".btn-danger"}
  (Session info: chrome=118.0.5993.71)
For documentation on this error, please visit: https://www.selenium.dev/documentation/webdriver/troubleshooting/errors#no-such-element-exception
Build info: version: '4.12.1', revision: '8e34639b11'
System info: os.name: 'Windows 11', os.arch: 'amd64', os.version: '10.0', java.version: '11.0.18'
Driver info: org.openqa.selenium.remote.RemoteWebDriver
Command: [256d4c2c1b15229437e63b0004d685fc, findElement {using=css selector, value=.btn-danger}]
Capabilities {acceptInsecureCerts: false, browserName: chrome, browserVersion: 118.0.5993.71, chrome: {chromedriverVersion: 118.0.5993.70 (e52f33f30b91..., userDataDir: C:\Users\ninad\AppData\Loca...}, fedcm:accounts: true, goog:chromeOptions: {debuggerAddress: localhost:56570}, networkConnectionEnabled: false, pageLoadStrategy: normal, platformName: Windows 11, proxy: Proxy(), se:bidiEnabled: false, se:cdp: ws://192.168.1.19:4444/sess..., se:cdpVersion: 118.0.5993.71, setWindowRect: true, strictFileInteractability: false, timeouts: {implicit: 0, pageLoad: 300000, script: 30000}, unhandledPromptBehavior: dismiss and notify, webauthn:extension:credBlob: true, webauthn:extension:largeBlob: true, webauthn:extension:minPinLength: true, webauthn:extension:prf: true, webauthn:virtualAuthenticators: true}
Session ID: 256d4c2c1b15229437e63b0004d685fc
at java.base/jdk.internal.reflect.NativeConstructorAccessorImpl.newInstance0(Native Method)
at java.base/jdk.internal.reflect.NativeConstructorAccessorImpl.newInstance(NativeConstructorAccessorImpl.java:62)
at java.base/jdk.internal.reflect.DelegatingConstructorAccessorImpl.newInstance(DelegatingConstructorAccessorImpl.java:45)
at java.base/java.lang.reflect.Constructor.newInstance(Constructor.java:490)
at org.openqa.selenium.remote.codec.w3c.W3CHttpResponseCodec.createException(W3CHttpResponseCodec.java:200)
at org.openqa.selenium.remote.codec.w3c.W3CHttpResponseCodec.decode(W3CHttpResponseCodec.java:133)
at org.openqa.selenium.remote.codec.w3c.W3CHttpResponseCodec.decode(W3CHttpResponseCodec.java:52)
at org.openqa.selenium.remote.HttpCommandExecutor.execute(HttpCommandExecutor.java:191)
at org.openqa.selenium.remote.TracedCommandExecutor.execute(TracedCommandExecutor.java:51)
at org.openqa.selenium.remote.RemoteWebDriver.execute(RemoteWebDriver.java:602)
at org.openqa.selenium.remote.ElementLocation$ElementFinder$2.findElement(ElementLocation.java:165)
at org.openqa.selenium.remote.ElementLocation.findElement(ElementLocation.java:59)
at org.openqa.selenium.remote.RemoteWebDriver.findElement(RemoteWebDriver.java:359)
at org.openqa.selenium.remote.RemoteWebDriver.findElement(RemoteWebDriver.java:353)
at org.openqa.selenium.support.pagefactory.DefaultElementLocator.findElement(DefaultElementLocator.java:68)
at org.openqa.selenium.support.pagefactory.internal.LocatingElementHandler.invoke(LocatingElementHandler.java:38)
at com.sun.proxy.$Proxy15.click(Unknown Source)
at demo.pageObjects.CartPage.verifyRemoveProduct(CartPage.java:43)
at demo.tests.RemoveFromCartFlow.removeProductFromCartTest(RemoveFromCartFlow.java:54)
at java.base/jdk.internal.reflect.NativeMethodAccessorImpl.invoke0(Native Method)
at java.base/jdk.internal.reflect.NativeMethodAccessorImpl.invoke(NativeMethodAccessorImpl.java:62)
at java.base/jdk.internal.reflect.DelegatingMethodAccessorImpl.invoke(DelegatingMethodAccessorImpl.java:43)
at java.base/java.lang.reflect.Method.invoke(Method.java:566)
at org.testng.internal.invokers.MethodInvocationHelper.invokeMethod(MethodInvocationHelper.java:139)
at org.testng.internal.invokers.TestInvoker.invokeMethod(TestInvoker.java:677)
at org.testng.internal.invokers.TestInvoker.invokeTestMethod(TestInvoker.java:221)
at org.testng.internal.invokers.MethodRunner.runInSequence(MethodRunner.java:50)
at org.testng.internal.invokers.TestInvoker$MethodInvocationAgent.invoke(TestInvoker.java:969)
at org.testng.internal.invokers.TestInvoker.invokeTestMethods(TestInvoker.java:194)
at org.testng.internal.invokers.TestMethodWorker.invokeTestMethods(TestMethodWorker.java:148)
at org.testng.internal.invokers.TestMethodWorker.run(TestMethodWorker.java:128)
at java.base/java.util.concurrent.ThreadPoolExecutor.runWorker(ThreadPoolExecutor.java:1128)
at java.base/java.util.concurrent.ThreadPoolExecutor$Worker.run(ThreadPoolExecutor.java:628)
at java.base/java.lang.Thread.run(Thread.java:834)
]]>
            </full-stacktrace>
          </exception> <!-- org.openqa.selenium.NoSuchElementException -->
          <reporter-output>
          </reporter-output>
        </test-method> <!-- removeProductFromCartTest -->
        <test-method is-config="true" signature="closeDriver()[pri:0, instance:demo.tests.RemoveFromCartFlow@1a20270e]" started-at="2023-10-22T13:22:13 IST" name="closeDriver" finished-at="2023-10-22T13:22:13 IST" duration-ms="72" status="PASS">
          <reporter-output>
          </reporter-output>
        </test-method> <!-- closeDriver -->
      </class> <!-- demo.tests.RemoveFromCartFlow -->
    </test> <!-- Test -->
  </suite> <!-- Suite -->
</testng-results>
